[0.006s] Invoking command in '/home/hibikip/nav_tutorial_ws/src/livox_ros_driver2/build/livox_ros_driver2': CMAKE_PREFIX_PATH=/opt/ros/humble /usr/bin/cmake /home/hibikip/nav_tutorial_ws/src/livox_ros_driver2 -DCMAKE_INSTALL_PREFIX=/home/hibikip/nav_tutorial_ws/src/livox_ros_driver2/install -DAMENT_CMAKE_SYMLINK_INSTALL=1 -DCMAKE_INSTALL_PREFIX=/home/hibikip/nav_tutorial_ws/src/livox_ros_driver2/install/livox_ros_driver2
[0.059s] -- The C compiler identification is GNU 11.4.0
[0.117s] -- The CXX compiler identification is GNU 11.4.0
[0.126s] -- Detecting C compiler ABI info
[0.205s] -- Detecting C compiler ABI info - done
[0.216s] -- Check for working C compiler: /usr/bin/cc - skipped
[0.217s] -- Detecting C compile features
[0.217s] -- Detecting C compile features - done
[0.219s] -- Detecting CXX compiler ABI info
[0.310s] -- Detecting CXX compiler ABI info - done
[0.315s] -- Check for working CXX compiler: /usr/bin/c++ - skipped
[0.315s] -- Detecting CXX compile features
[0.315s] -- Detecting CXX compile features - done
[0.316s] -- livox_ros_driver2 version: 1.0.0
[0.317s] -- Found ament_cmake_auto: 1.3.11 (/opt/ros/humble/share/ament_cmake_auto/cmake)
[0.450s] -- Found Python3: /usr/bin/python3 (found version "3.10.12") found components: Interpreter 
[0.498s] -- Override CMake install command with custom implementation using symlinks instead of copying resources
[0.563s] -- Using all available rosidl_typesupport_c: rosidl_typesupport_fastrtps_c;rosidl_typesupport_introspection_c
[0.566s] -- Found rosidl_adapter: 3.1.6 (/opt/ros/humble/share/rosidl_adapter/cmake)
[0.593s] -- Using all available rosidl_typesupport_cpp: rosidl_typesupport_fastrtps_cpp;rosidl_typesupport_introspection_cpp
[0.645s] -- Found rmw_implementation_cmake: 6.1.2 (/opt/ros/humble/share/rmw_implementation_cmake/cmake)
[0.647s] -- Found rmw_fastrtps_cpp: 6.2.7 (/opt/ros/humble/share/rmw_fastrtps_cpp/cmake)
[0.728s] -- Found OpenSSL: /usr/lib/x86_64-linux-gnu/libcrypto.so (found version "3.0.2")  
[0.755s] -- Found FastRTPS: /opt/ros/humble/include  
[0.791s] -- Using RMW implementation 'rmw_fastrtps_cpp' as default
[0.799s] -- Looking for pthread.h
[0.898s] -- Looking for pthread.h - found
[0.898s] -- Performing Test CMAKE_HAVE_LIBC_PTHREAD
[0.994s] -- Performing Test CMAKE_HAVE_LIBC_PTHREAD - Success
[0.995s] -- Found Threads: TRUE  
[1.094s] -- Checking for module 'eigen3'
[1.106s] --   Found eigen3, version 3.4.0
[1.148s] -- Found Eigen: /usr/include/eigen3 (Required is at least version "3.1") 
[1.148s] -- Eigen found (include: /usr/include/eigen3, version: 3.4.0)
[1.177s] -- Checking for module 'flann'
[1.189s] --   Found flann, version 1.9.1
[1.240s] -- Found FLANN: /usr/lib/x86_64-linux-gnu/libflann_cpp.so  
[1.240s] -- FLANN found (include: /usr/include, lib: /usr/lib/x86_64-linux-gnu/libflann_cpp.so)
[2.198s] -- Checking for module 'libusb-1.0'
[2.217s] --   Found libusb-1.0, version 1.0.25
[2.265s] -- Found libusb: /usr/lib/x86_64-linux-gnu/libusb-1.0.so  
[2.267s] -- OpenNI found (version: 1.5.4.0, include: /usr/include/ni, lib: /usr/lib/libOpenNI.so;libusb::libusb)
[2.341s] -- OpenNI2 found (version: 2.2.0.33, include: /usr/include/openni2, lib: /usr/lib/x86_64-linux-gnu/libOpenNI2.so;libusb::libusb)
[2.462s] -- Eigen found (include: /usr/include/eigen3, version: 3.4.0)
[2.468s] -- OpenNI found (version: 1.5.4.0, include: /usr/include/ni, lib: /usr/lib/libOpenNI.so;libusb::libusb)
[2.473s] -- OpenNI2 found (version: 2.2.0.33, include: /usr/include/openni2, lib: /usr/lib/x86_64-linux-gnu/libOpenNI2.so;libusb::libusb)
[2.587s] -- Found Qhull version 8.0.2
[2.698s] -- OpenNI found (version: 1.5.4.0, include: /usr/include/ni, lib: /usr/lib/libOpenNI.so;libusb::libusb)
[2.813s] -- Found PCL_COMMON: /usr/lib/x86_64-linux-gnu/libpcl_common.so  
[2.813s] -- Found PCL_KDTREE: /usr/lib/x86_64-linux-gnu/libpcl_kdtree.so  
[2.814s] -- Found PCL_OCTREE: /usr/lib/x86_64-linux-gnu/libpcl_octree.so  
[2.815s] -- Found PCL_SEARCH: /usr/lib/x86_64-linux-gnu/libpcl_search.so  
[2.816s] -- Found PCL_SAMPLE_CONSENSUS: /usr/lib/x86_64-linux-gnu/libpcl_sample_consensus.so  
[2.816s] -- Found PCL_FILTERS: /usr/lib/x86_64-linux-gnu/libpcl_filters.so  
[2.816s] -- Found PCL_2D: /usr/include/pcl-1.12  
[2.817s] -- Found PCL_GEOMETRY: /usr/include/pcl-1.12  
[2.817s] -- Found PCL_IO: /usr/lib/x86_64-linux-gnu/libpcl_io.so  
[2.818s] -- Found PCL_FEATURES: /usr/lib/x86_64-linux-gnu/libpcl_features.so  
[2.818s] -- Found PCL_ML: /usr/lib/x86_64-linux-gnu/libpcl_ml.so  
[2.819s] -- Found PCL_SEGMENTATION: /usr/lib/x86_64-linux-gnu/libpcl_segmentation.so  
[2.820s] -- Found PCL_VISUALIZATION: /usr/lib/x86_64-linux-gnu/libpcl_visualization.so  
[2.820s] -- Found PCL_SURFACE: /usr/lib/x86_64-linux-gnu/libpcl_surface.so  
[2.821s] -- Found PCL_REGISTRATION: /usr/lib/x86_64-linux-gnu/libpcl_registration.so  
[2.822s] -- Found PCL_KEYPOINTS: /usr/lib/x86_64-linux-gnu/libpcl_keypoints.so  
[2.822s] -- Found PCL_TRACKING: /usr/lib/x86_64-linux-gnu/libpcl_tracking.so  
[2.823s] -- Found PCL_RECOGNITION: /usr/lib/x86_64-linux-gnu/libpcl_recognition.so  
[2.824s] -- Found PCL_STEREO: /usr/lib/x86_64-linux-gnu/libpcl_stereo.so  
[2.825s] -- Found PCL_APPS: /usr/lib/x86_64-linux-gnu/libpcl_apps.so  
[2.825s] -- Found PCL_IN_HAND_SCANNER: /usr/include/pcl-1.12  
[2.825s] -- Found PCL_MODELER: /usr/include/pcl-1.12  
[2.826s] -- Found PCL_POINT_CLOUD_EDITOR: /usr/include/pcl-1.12  
[2.826s] -- Found PCL_OUTOFCORE: /usr/lib/x86_64-linux-gnu/libpcl_outofcore.so  
[2.827s] -- Found PCL_PEOPLE: /usr/lib/x86_64-linux-gnu/libpcl_people.so  
[2.848s] -- Found eigen3_cmake_module: 0.1.1 (/opt/ros/humble/share/eigen3_cmake_module/cmake)
[2.849s] -- Found Eigen3: TRUE (found version "3.4.0") 
[2.849s] -- Ensuring Eigen3 include directory is part of orocos-kdl CMake target
[2.904s] -- Found PkgConfig: /usr/bin/pkg-config (found version "0.29.2") 
[2.904s] -- Checking for module 'apr-1'
[2.918s] --   Found apr-1, version 1.7.0
[2.966s] [0m/usr/include/apr-1.0[0m
[2.966s] [0mapr-1[0m
[3.129s] -- Found ament_cmake_ros: 0.10.0 (/opt/ros/humble/share/ament_cmake_ros/cmake)
[3.286s] -- Using all available rosidl_typesupport_c: rosidl_typesupport_fastrtps_c;rosidl_typesupport_introspection_c
[3.498s] -- Using all available rosidl_typesupport_cpp: rosidl_typesupport_fastrtps_cpp;rosidl_typesupport_introspection_cpp
[3.520s] -- Found PythonInterp: /usr/bin/python3 (found suitable version "3.10.12", minimum required is "3.6") 
[3.521s] -- Found python_cmake_module: 0.10.0 (/opt/ros/humble/share/python_cmake_module/cmake)
[3.544s] -- Found PythonLibs: /usr/lib/x86_64-linux-gnu/libpython3.10.so (found suitable version "3.10.12", minimum required is "3.5") 
[3.544s] -- Using PYTHON_EXECUTABLE: /usr/bin/python3
[3.544s] -- Using PYTHON_INCLUDE_DIRS: /usr/include/python3.10
[3.544s] -- Using PYTHON_LIBRARIES: /usr/lib/x86_64-linux-gnu/libpython3.10.so
[3.561s] -- Found PythonExtra: .so  
[3.607s] -- Found ament_lint_auto: 0.12.12 (/opt/ros/humble/share/ament_lint_auto/cmake)
[3.621s] -- Added test 'copyright' to check source files copyright and LICENSE
[3.627s] -- Added test 'cppcheck' to perform static code analysis on C / C++ code
[3.628s] -- Configured cppcheck include dirs: $<BUILD_INTERFACE:/home/hibikip/nav_tutorial_ws/src/livox_ros_driver2/build/livox_ros_driver2/rosidl_generator_c>;$<BUILD_INTERFACE:/home/hibikip/nav_tutorial_ws/src/livox_ros_driver2/build/livox_ros_driver2/rosidl_typesupport_fastrtps_c>;$<BUILD_INTERFACE:/home/hibikip/nav_tutorial_ws/src/livox_ros_driver2/build/livox_ros_driver2/rosidl_typesupport_introspection_c>;$<BUILD_INTERFACE:/home/hibikip/nav_tutorial_ws/src/livox_ros_driver2/build/livox_ros_driver2/rosidl_generator_cpp>;$<BUILD_INTERFACE:/home/hibikip/nav_tutorial_ws/src/livox_ros_driver2/build/livox_ros_driver2/rosidl_typesupport_fastrtps_cpp>;$<BUILD_INTERFACE:/home/hibikip/nav_tutorial_ws/src/livox_ros_driver2/build/livox_ros_driver2/rosidl_typesupport_introspection_cpp>;/home/hibikip/nav_tutorial_ws/src/livox_ros_driver2/build/livox_ros_driver2/rosidl_generator_c;/home/hibikip/nav_tutorial_ws/src/livox_ros_driver2/build/livox_ros_driver2/rosidl_generator_py;/home/hibikip/nav_tutorial_ws/src/livox_ros_driver2/livox_sdk/include;/home/hibikip/nav_tutorial_ws/src/livox_ros_driver2/3rdparty;/home/hibikip/nav_tutorial_ws/src/livox_ros_driver2/src
[3.628s] -- Configured cppcheck exclude dirs and/or files: 
[3.633s] -- Added test 'cpplint' to check C / C++ code against the Google style
[3.633s] -- Configured cpplint exclude dirs and/or files: 
[3.634s] -- Added test 'flake8' to check Python code syntax and style conventions
[3.636s] -- Added test 'lint_cmake' to check CMake code style
[3.637s] -- Added test 'pep257' to check Python code against some of the docstring style conventions in PEP 257
[3.643s] -- Added test 'uncrustify' to check C / C++ code style
[3.643s] -- Configured uncrustify additional arguments: 
[3.643s] -- Added test 'xmllint' to check XML markup files
[3.645s] -- Configuring done
[3.690s] -- Generating done
[3.703s] -- Build files have been written to: /home/hibikip/nav_tutorial_ws/src/livox_ros_driver2/build/livox_ros_driver2
[3.716s] Invoked command in '/home/hibikip/nav_tutorial_ws/src/livox_ros_driver2/build/livox_ros_driver2' returned '0': CMAKE_PREFIX_PATH=/opt/ros/humble /usr/bin/cmake /home/hibikip/nav_tutorial_ws/src/livox_ros_driver2 -DCMAKE_INSTALL_PREFIX=/home/hibikip/nav_tutorial_ws/src/livox_ros_driver2/install -DAMENT_CMAKE_SYMLINK_INSTALL=1 -DCMAKE_INSTALL_PREFIX=/home/hibikip/nav_tutorial_ws/src/livox_ros_driver2/install/livox_ros_driver2
[3.717s] Invoking command in '/home/hibikip/nav_tutorial_ws/src/livox_ros_driver2/build/livox_ros_driver2': CMAKE_PREFIX_PATH=/opt/ros/humble /usr/bin/cmake --build /home/hibikip/nav_tutorial_ws/src/livox_ros_driver2/build/livox_ros_driver2 -- -j28 -l28
[3.765s] [  1%] [34m[1mGenerating C code for ROS interfaces[0m
[3.776s] [  3%] [32mBuilding CXX object CMakeFiles/livox_ros_driver2_node.dir/rclcpp_components/node_main_livox_ros_driver2_node.cpp.o[0m
[3.779s] [  5%] [34m[1mGenerating C++ code for ROS interfaces[0m
[3.783s] [  5%] Built target ament_cmake_python_symlink_livox_ros_driver2
[3.930s] running egg_info
[3.931s] creating livox_ros_driver2.egg-info
[3.931s] writing livox_ros_driver2.egg-info/PKG-INFO
[3.931s] writing dependency_links to livox_ros_driver2.egg-info/dependency_links.txt
[3.931s] writing top-level names to livox_ros_driver2.egg-info/top_level.txt
[3.931s] writing manifest file 'livox_ros_driver2.egg-info/SOURCES.txt'
[3.932s] reading manifest file 'livox_ros_driver2.egg-info/SOURCES.txt'
[3.933s] writing manifest file 'livox_ros_driver2.egg-info/SOURCES.txt'
[3.952s] [  5%] Built target ament_cmake_python_build_livox_ros_driver2_egg
[4.043s] [  7%] [32mBuilding C object CMakeFiles/livox_interfaces2__rosidl_generator_c.dir/rosidl_generator_c/livox_ros_driver2/msg/detail/custom_point__functions.c.o[0m
[4.043s] [  8%] [32mBuilding C object CMakeFiles/livox_interfaces2__rosidl_generator_c.dir/rosidl_generator_c/livox_ros_driver2/msg/detail/custom_msg__functions.c.o[0m
[4.055s] [  8%] Built target livox_interfaces2__cpp
[4.062s] [ 12%] [34m[1mGenerating C++ type support dispatch for ROS interfaces[0m
[4.062s] [ 12%] [34m[1mGenerating C++ type support for eProsima Fast-RTPS[0m
[4.063s] [ 14%] [34m[1mGenerating C++ introspection for ROS interfaces[0m
[4.077s] [ 15%] [32m[1mLinking C shared library liblivox_ros_driver2__rosidl_generator_c.so[0m
[4.108s] [ 15%] Built target livox_interfaces2__rosidl_generator_c
[4.116s] [ 19%] [34m[1mGenerating C introspection for ROS interfaces[0m
[4.117s] [ 19%] [34m[1mGenerating C type support for eProsima Fast-RTPS[0m
[4.117s] [ 21%] [34m[1mGenerating C type support dispatch for ROS interfaces[0m
[4.316s] [ 22%] [32mBuilding CXX object CMakeFiles/livox_interfaces2__rosidl_typesupport_cpp.dir/rosidl_typesupport_cpp/livox_ros_driver2/msg/custom_msg__type_support.cpp.o[0m
[4.316s] [ 24%] [32mBuilding CXX object CMakeFiles/livox_interfaces2__rosidl_typesupport_cpp.dir/rosidl_typesupport_cpp/livox_ros_driver2/msg/custom_point__type_support.cpp.o[0m
[4.316s] [ 26%] [32mBuilding CXX object CMakeFiles/livox_interfaces2__rosidl_typesupport_introspection_cpp.dir/rosidl_typesupport_introspection_cpp/livox_ros_driver2/msg/detail/custom_point__type_support.cpp.o[0m
[4.317s] [ 28%] [32mBuilding CXX object CMakeFiles/livox_interfaces2__rosidl_typesupport_introspection_cpp.dir/rosidl_typesupport_introspection_cpp/livox_ros_driver2/msg/detail/custom_msg__type_support.cpp.o[0m
[4.326s] [ 29%] [32mBuilding CXX object CMakeFiles/livox_interfaces2__rosidl_typesupport_fastrtps_cpp.dir/rosidl_typesupport_fastrtps_cpp/livox_ros_driver2/msg/detail/dds_fastrtps/custom_msg__type_support.cpp.o[0m
[4.326s] [ 31%] [32mBuilding CXX object CMakeFiles/livox_interfaces2__rosidl_typesupport_fastrtps_cpp.dir/rosidl_typesupport_fastrtps_cpp/livox_ros_driver2/msg/detail/dds_fastrtps/custom_point__type_support.cpp.o[0m
[4.360s] [ 33%] [32mBuilding CXX object CMakeFiles/livox_interfaces2__rosidl_typesupport_c.dir/rosidl_typesupport_c/livox_ros_driver2/msg/custom_point__type_support.cpp.o[0m
[4.362s] [ 35%] [32mBuilding CXX object CMakeFiles/livox_interfaces2__rosidl_typesupport_c.dir/rosidl_typesupport_c/livox_ros_driver2/msg/custom_msg__type_support.cpp.o[0m
[4.375s] [ 38%] [32mBuilding C object CMakeFiles/livox_interfaces2__rosidl_typesupport_introspection_c.dir/rosidl_typesupport_introspection_c/livox_ros_driver2/msg/detail/custom_point__type_support.c.o[0m
[4.375s] [ 38%] [32mBuilding C object CMakeFiles/livox_interfaces2__rosidl_typesupport_introspection_c.dir/rosidl_typesupport_introspection_c/livox_ros_driver2/msg/detail/custom_msg__type_support.c.o[0m
[4.390s] [ 40%] [32m[1mLinking CXX shared library liblivox_ros_driver2__rosidl_typesupport_c.so[0m
[4.399s] [ 42%] [32mBuilding CXX object CMakeFiles/livox_interfaces2__rosidl_typesupport_fastrtps_c.dir/rosidl_typesupport_fastrtps_c/livox_ros_driver2/msg/detail/custom_msg__type_support_c.cpp.o[0m
[4.400s] [ 43%] [32mBuilding CXX object CMakeFiles/livox_interfaces2__rosidl_typesupport_fastrtps_c.dir/rosidl_typesupport_fastrtps_c/livox_ros_driver2/msg/detail/custom_point__type_support_c.cpp.o[0m
[4.401s] [ 45%] [32m[1mLinking C shared library liblivox_ros_driver2__rosidl_typesupport_introspection_c.so[0m
[4.420s] [ 45%] Built target livox_interfaces2__rosidl_typesupport_c
[4.431s] [ 45%] Built target livox_interfaces2__rosidl_typesupport_introspection_c
[4.546s] [ 47%] [32m[1mLinking CXX shared library liblivox_ros_driver2__rosidl_typesupport_cpp.so[0m
[4.577s] [ 49%] [32m[1mLinking CXX shared library liblivox_ros_driver2__rosidl_typesupport_fastrtps_cpp.so[0m
[4.578s] [ 49%] Built target livox_interfaces2__rosidl_typesupport_cpp
[4.598s] [ 50%] [32mBuilding CXX object CMakeFiles/livox_ros_driver2.dir/src/comm/ldq.cpp.o[0m
[4.598s] [ 52%] [32mBuilding CXX object CMakeFiles/livox_ros_driver2.dir/src/comm/comm.cpp.o[0m
[4.598s] [ 56%] [32mBuilding CXX object CMakeFiles/livox_ros_driver2.dir/src/comm/pub_handler.cpp.o[0m
[4.598s] [ 56%] [32mBuilding CXX object CMakeFiles/livox_ros_driver2.dir/src/livox_ros_driver2.cpp.o[0m
[4.598s] [ 57%] [32mBuilding CXX object CMakeFiles/livox_ros_driver2.dir/src/parse_cfg_file/parse_cfg_file.cpp.o[0m
[4.598s] [ 59%] [32mBuilding CXX object CMakeFiles/livox_ros_driver2.dir/src/lddc.cpp.o[0m
[4.598s] [ 61%] [32mBuilding CXX object CMakeFiles/livox_ros_driver2.dir/src/driver_node.cpp.o[0m
[4.598s] [ 63%] [32mBuilding CXX object CMakeFiles/livox_ros_driver2.dir/src/comm/semaphore.cpp.o[0m
[4.599s] [ 64%] [32mBuilding CXX object CMakeFiles/livox_ros_driver2.dir/src/lds.cpp.o[0m
[4.599s] [ 66%] [32mBuilding CXX object CMakeFiles/livox_ros_driver2.dir/src/lds_lidar.cpp.o[0m
[4.600s] [ 68%] [32mBuilding CXX object CMakeFiles/livox_ros_driver2.dir/src/parse_cfg_file/parse_livox_lidar_cfg.cpp.o[0m
[4.600s] [ 71%] [32mBuilding CXX object CMakeFiles/livox_ros_driver2.dir/src/comm/lidar_imu_data_queue.cpp.o[0m
[4.600s] [ 71%] [32mBuilding CXX object CMakeFiles/livox_ros_driver2.dir/src/call_back/lidar_common_callback.cpp.o[0m
[4.600s] [ 73%] [32mBuilding CXX object CMakeFiles/livox_ros_driver2.dir/src/comm/cache_index.cpp.o[0m
[4.601s] [ 75%] [32mBuilding CXX object CMakeFiles/livox_ros_driver2.dir/src/call_back/livox_lidar_callback.cpp.o[0m
[4.612s] [ 77%] [32m[1mLinking CXX shared library liblivox_ros_driver2__rosidl_typesupport_fastrtps_c.so[0m
[4.639s] [ 78%] [32m[1mLinking CXX shared library liblivox_ros_driver2__rosidl_typesupport_introspection_cpp.so[0m
[4.647s] [ 78%] Built target livox_interfaces2__rosidl_typesupport_fastrtps_cpp
[4.683s] [ 78%] Built target livox_interfaces2__rosidl_typesupport_fastrtps_c
[4.693s] [ 78%] Built target livox_interfaces2__rosidl_typesupport_introspection_cpp
[4.710s] [ 78%] Built target livox_interfaces2
[4.733s] [ 80%] [34m[1mGenerating Python code for ROS interfaces[0m
[5.262s] [ 80%] Built target livox_interfaces2__py
[5.280s] [ 82%] [32mBuilding C object CMakeFiles/livox_interfaces2__rosidl_generator_py.dir/rosidl_generator_py/livox_ros_driver2/msg/_custom_point_s.c.o[0m
[5.281s] [ 84%] [32mBuilding C object CMakeFiles/livox_interfaces2__rosidl_generator_py.dir/rosidl_generator_py/livox_ros_driver2/msg/_custom_msg_s.c.o[0m
[5.356s] [ 85%] [32m[1mLinking C shared library rosidl_generator_py/livox_ros_driver2/liblivox_interfaces2__rosidl_generator_py.so[0m
[5.389s] [ 85%] Built target livox_interfaces2__rosidl_generator_py
[5.407s] [ 87%] [32mBuilding C object CMakeFiles/livox_ros_driver2__rosidl_typesupport_introspection_c__pyext.dir/rosidl_generator_py/livox_ros_driver2/_livox_ros_driver2_s.ep.rosidl_typesupport_introspection_c.c.o[0m
[5.407s] [ 91%] [32mBuilding C object CMakeFiles/livox_ros_driver2__rosidl_typesupport_c__pyext.dir/rosidl_generator_py/livox_ros_driver2/_livox_ros_driver2_s.ep.rosidl_typesupport_c.c.o[0m
[5.407s] [ 91%] [32mBuilding C object CMakeFiles/livox_ros_driver2__rosidl_typesupport_fastrtps_c__pyext.dir/rosidl_generator_py/livox_ros_driver2/_livox_ros_driver2_s.ep.rosidl_typesupport_fastrtps_c.c.o[0m
[5.473s] [ 92%] [32m[1mLinking C shared library rosidl_generator_py/livox_ros_driver2/livox_ros_driver2_s__rosidl_typesupport_introspection_c.cpython-310-x86_64-linux-gnu.so[0m
[5.473s] [ 94%] [32m[1mLinking C shared library rosidl_generator_py/livox_ros_driver2/livox_ros_driver2_s__rosidl_typesupport_c.cpython-310-x86_64-linux-gnu.so[0m
[5.473s] [ 96%] [32m[1mLinking C shared library rosidl_generator_py/livox_ros_driver2/livox_ros_driver2_s__rosidl_typesupport_fastrtps_c.cpython-310-x86_64-linux-gnu.so[0m
[5.503s] [ 96%] Built target livox_ros_driver2__rosidl_typesupport_fastrtps_c__pyext
[5.504s] [ 96%] Built target livox_ros_driver2__rosidl_typesupport_introspection_c__pyext
[5.504s] [ 96%] Built target livox_ros_driver2__rosidl_typesupport_c__pyext
[5.700s] [ 98%] [32m[1mLinking CXX executable livox_ros_driver2_node[0m
[5.785s] [ 98%] Built target livox_ros_driver2_node
[9.413s] [100%] [32m[1mLinking CXX shared library liblivox_ros_driver2.so[0m
[10.321s] [100%] Built target livox_ros_driver2
[10.330s] Invoked command in '/home/hibikip/nav_tutorial_ws/src/livox_ros_driver2/build/livox_ros_driver2' returned '0': CMAKE_PREFIX_PATH=/opt/ros/humble /usr/bin/cmake --build /home/hibikip/nav_tutorial_ws/src/livox_ros_driver2/build/livox_ros_driver2 -- -j28 -l28
[10.339s] Invoking command in '/home/hibikip/nav_tutorial_ws/src/livox_ros_driver2/build/livox_ros_driver2': CMAKE_PREFIX_PATH=/opt/ros/humble /usr/bin/cmake --install /home/hibikip/nav_tutorial_ws/src/livox_ros_driver2/build/livox_ros_driver2
[10.348s] -- Install configuration: ""
[10.349s] -- Execute custom install script
[10.349s] -- Symlinking: /home/hibikip/nav_tutorial_ws/src/livox_ros_driver2/install/livox_ros_driver2/share/ament_index/resource_index/rosidl_interfaces/livox_ros_driver2
[10.359s] -- Symlinking: /home/hibikip/nav_tutorial_ws/src/livox_ros_driver2/install/livox_ros_driver2/include/livox_ros_driver2/livox_ros_driver2/msg/custom_msg.h
[10.368s] -- Symlinking: /home/hibikip/nav_tutorial_ws/src/livox_ros_driver2/install/livox_ros_driver2/include/livox_ros_driver2/livox_ros_driver2/msg/custom_point.h
[10.379s] -- Symlinking: /home/hibikip/nav_tutorial_ws/src/livox_ros_driver2/install/livox_ros_driver2/include/livox_ros_driver2/livox_ros_driver2/msg/detail/custom_msg__functions.h
[10.388s] -- Symlinking: /home/hibikip/nav_tutorial_ws/src/livox_ros_driver2/install/livox_ros_driver2/include/livox_ros_driver2/livox_ros_driver2/msg/detail/custom_msg__struct.h
[10.398s] -- Symlinking: /home/hibikip/nav_tutorial_ws/src/livox_ros_driver2/install/livox_ros_driver2/include/livox_ros_driver2/livox_ros_driver2/msg/detail/custom_msg__type_support.h
[10.408s] -- Symlinking: /home/hibikip/nav_tutorial_ws/src/livox_ros_driver2/install/livox_ros_driver2/include/livox_ros_driver2/livox_ros_driver2/msg/detail/custom_point__functions.h
[10.416s] -- Symlinking: /home/hibikip/nav_tutorial_ws/src/livox_ros_driver2/install/livox_ros_driver2/include/livox_ros_driver2/livox_ros_driver2/msg/detail/custom_point__struct.h
[10.425s] -- Symlinking: /home/hibikip/nav_tutorial_ws/src/livox_ros_driver2/install/livox_ros_driver2/include/livox_ros_driver2/livox_ros_driver2/msg/detail/custom_point__type_support.h
[10.434s] -- Symlinking: /home/hibikip/nav_tutorial_ws/src/livox_ros_driver2/install/livox_ros_driver2/include/livox_ros_driver2/livox_ros_driver2/msg/rosidl_generator_c__visibility_control.h
[10.442s] -- Symlinking: /home/hibikip/nav_tutorial_ws/src/livox_ros_driver2/install/livox_ros_driver2/share/livox_ros_driver2/environment/library_path.sh
[10.448s] -- Symlinking: /home/hibikip/nav_tutorial_ws/src/livox_ros_driver2/install/livox_ros_driver2/share/livox_ros_driver2/environment/library_path.dsv
[10.454s] -- Symlinking: /home/hibikip/nav_tutorial_ws/src/livox_ros_driver2/install/livox_ros_driver2/include/livox_ros_driver2/livox_ros_driver2/msg/detail/custom_msg__rosidl_typesupport_fastrtps_c.h
[10.464s] -- Symlinking: /home/hibikip/nav_tutorial_ws/src/livox_ros_driver2/install/livox_ros_driver2/include/livox_ros_driver2/livox_ros_driver2/msg/detail/custom_point__rosidl_typesupport_fastrtps_c.h
[10.473s] -- Symlinking: /home/hibikip/nav_tutorial_ws/src/livox_ros_driver2/install/livox_ros_driver2/include/livox_ros_driver2/livox_ros_driver2/msg/rosidl_typesupport_fastrtps_c__visibility_control.h
[10.483s] -- Symlinking: /home/hibikip/nav_tutorial_ws/src/livox_ros_driver2/install/livox_ros_driver2/include/livox_ros_driver2/livox_ros_driver2/msg/detail/custom_msg__rosidl_typesupport_introspection_c.h
[10.492s] -- Symlinking: /home/hibikip/nav_tutorial_ws/src/livox_ros_driver2/install/livox_ros_driver2/include/livox_ros_driver2/livox_ros_driver2/msg/detail/custom_point__rosidl_typesupport_introspection_c.h
[10.502s] -- Symlinking: /home/hibikip/nav_tutorial_ws/src/livox_ros_driver2/install/livox_ros_driver2/include/livox_ros_driver2/livox_ros_driver2/msg/rosidl_typesupport_introspection_c__visibility_control.h
[10.511s] -- Symlinking: /home/hibikip/nav_tutorial_ws/src/livox_ros_driver2/install/livox_ros_driver2/include/livox_ros_driver2/livox_ros_driver2/msg/custom_msg.hpp
[10.521s] -- Symlinking: /home/hibikip/nav_tutorial_ws/src/livox_ros_driver2/install/livox_ros_driver2/include/livox_ros_driver2/livox_ros_driver2/msg/custom_point.hpp
[10.531s] -- Symlinking: /home/hibikip/nav_tutorial_ws/src/livox_ros_driver2/install/livox_ros_driver2/include/livox_ros_driver2/livox_ros_driver2/msg/detail/custom_msg__builder.hpp
[10.539s] -- Symlinking: /home/hibikip/nav_tutorial_ws/src/livox_ros_driver2/install/livox_ros_driver2/include/livox_ros_driver2/livox_ros_driver2/msg/detail/custom_msg__struct.hpp
[10.550s] -- Symlinking: /home/hibikip/nav_tutorial_ws/src/livox_ros_driver2/install/livox_ros_driver2/include/livox_ros_driver2/livox_ros_driver2/msg/detail/custom_msg__traits.hpp
[10.559s] -- Symlinking: /home/hibikip/nav_tutorial_ws/src/livox_ros_driver2/install/livox_ros_driver2/include/livox_ros_driver2/livox_ros_driver2/msg/detail/custom_msg__type_support.hpp
[10.568s] -- Symlinking: /home/hibikip/nav_tutorial_ws/src/livox_ros_driver2/install/livox_ros_driver2/include/livox_ros_driver2/livox_ros_driver2/msg/detail/custom_point__builder.hpp
[10.577s] -- Symlinking: /home/hibikip/nav_tutorial_ws/src/livox_ros_driver2/install/livox_ros_driver2/include/livox_ros_driver2/livox_ros_driver2/msg/detail/custom_point__struct.hpp
[10.587s] -- Symlinking: /home/hibikip/nav_tutorial_ws/src/livox_ros_driver2/install/livox_ros_driver2/include/livox_ros_driver2/livox_ros_driver2/msg/detail/custom_point__traits.hpp
[10.596s] -- Symlinking: /home/hibikip/nav_tutorial_ws/src/livox_ros_driver2/install/livox_ros_driver2/include/livox_ros_driver2/livox_ros_driver2/msg/detail/custom_point__type_support.hpp
[10.606s] -- Symlinking: /home/hibikip/nav_tutorial_ws/src/livox_ros_driver2/install/livox_ros_driver2/include/livox_ros_driver2/livox_ros_driver2/msg/rosidl_generator_cpp__visibility_control.hpp
[10.616s] -- Symlinking: /home/hibikip/nav_tutorial_ws/src/livox_ros_driver2/install/livox_ros_driver2/include/livox_ros_driver2/livox_ros_driver2/msg/detail/custom_msg__rosidl_typesupport_fastrtps_cpp.hpp
[10.625s] -- Symlinking: /home/hibikip/nav_tutorial_ws/src/livox_ros_driver2/install/livox_ros_driver2/include/livox_ros_driver2/livox_ros_driver2/msg/detail/custom_point__rosidl_typesupport_fastrtps_cpp.hpp
[10.634s] -- Symlinking: /home/hibikip/nav_tutorial_ws/src/livox_ros_driver2/install/livox_ros_driver2/include/livox_ros_driver2/livox_ros_driver2/msg/rosidl_typesupport_fastrtps_cpp__visibility_control.h
[10.644s] -- Symlinking: /home/hibikip/nav_tutorial_ws/src/livox_ros_driver2/install/livox_ros_driver2/include/livox_ros_driver2/livox_ros_driver2/msg/detail/custom_msg__rosidl_typesupport_introspection_cpp.hpp
[10.653s] -- Symlinking: /home/hibikip/nav_tutorial_ws/src/livox_ros_driver2/install/livox_ros_driver2/include/livox_ros_driver2/livox_ros_driver2/msg/detail/custom_point__rosidl_typesupport_introspection_cpp.hpp
[10.663s] -- Symlinking: /home/hibikip/nav_tutorial_ws/src/livox_ros_driver2/install/livox_ros_driver2/share/livox_ros_driver2/environment/pythonpath.sh
[10.672s] -- Symlinking: /home/hibikip/nav_tutorial_ws/src/livox_ros_driver2/install/livox_ros_driver2/share/livox_ros_driver2/environment/pythonpath.dsv
[10.681s] -- Symlinking: /home/hibikip/nav_tutorial_ws/src/livox_ros_driver2/install/livox_ros_driver2/local/lib/python3.10/dist-packages/livox_ros_driver2-1.0.0-py3.10.egg-info/PKG-INFO
[10.689s] -- Symlinking: /home/hibikip/nav_tutorial_ws/src/livox_ros_driver2/install/livox_ros_driver2/local/lib/python3.10/dist-packages/livox_ros_driver2-1.0.0-py3.10.egg-info/SOURCES.txt
[10.699s] -- Symlinking: /home/hibikip/nav_tutorial_ws/src/livox_ros_driver2/install/livox_ros_driver2/local/lib/python3.10/dist-packages/livox_ros_driver2-1.0.0-py3.10.egg-info/dependency_links.txt
[10.708s] -- Symlinking: /home/hibikip/nav_tutorial_ws/src/livox_ros_driver2/install/livox_ros_driver2/local/lib/python3.10/dist-packages/livox_ros_driver2-1.0.0-py3.10.egg-info/top_level.txt
[10.716s] -- Symlinking: /home/hibikip/nav_tutorial_ws/src/livox_ros_driver2/install/livox_ros_driver2/local/lib/python3.10/dist-packages/livox_ros_driver2/__init__.py
[10.722s] -- Symlinking: /home/hibikip/nav_tutorial_ws/src/livox_ros_driver2/install/livox_ros_driver2/local/lib/python3.10/dist-packages/livox_ros_driver2/_livox_ros_driver2_s.ep.rosidl_typesupport_c.c
[10.727s] -- Symlinking: /home/hibikip/nav_tutorial_ws/src/livox_ros_driver2/install/livox_ros_driver2/local/lib/python3.10/dist-packages/livox_ros_driver2/_livox_ros_driver2_s.ep.rosidl_typesupport_fastrtps_c.c
[10.733s] -- Symlinking: /home/hibikip/nav_tutorial_ws/src/livox_ros_driver2/install/livox_ros_driver2/local/lib/python3.10/dist-packages/livox_ros_driver2/_livox_ros_driver2_s.ep.rosidl_typesupport_introspection_c.c
[10.740s] -- Symlinking: /home/hibikip/nav_tutorial_ws/src/livox_ros_driver2/install/livox_ros_driver2/local/lib/python3.10/dist-packages/livox_ros_driver2/liblivox_interfaces2__rosidl_generator_py.so
[10.750s] -- Symlinking: /home/hibikip/nav_tutorial_ws/src/livox_ros_driver2/install/livox_ros_driver2/local/lib/python3.10/dist-packages/livox_ros_driver2/livox_ros_driver2_s__rosidl_typesupport_c.cpython-310-x86_64-linux-gnu.so
[10.759s] -- Symlinking: /home/hibikip/nav_tutorial_ws/src/livox_ros_driver2/install/livox_ros_driver2/local/lib/python3.10/dist-packages/livox_ros_driver2/livox_ros_driver2_s__rosidl_typesupport_fastrtps_c.cpython-310-x86_64-linux-gnu.so
[10.768s] -- Symlinking: /home/hibikip/nav_tutorial_ws/src/livox_ros_driver2/install/livox_ros_driver2/local/lib/python3.10/dist-packages/livox_ros_driver2/livox_ros_driver2_s__rosidl_typesupport_introspection_c.cpython-310-x86_64-linux-gnu.so
[10.778s] -- Symlinking: /home/hibikip/nav_tutorial_ws/src/livox_ros_driver2/install/livox_ros_driver2/local/lib/python3.10/dist-packages/livox_ros_driver2/msg/__init__.py
[10.787s] -- Symlinking: /home/hibikip/nav_tutorial_ws/src/livox_ros_driver2/install/livox_ros_driver2/local/lib/python3.10/dist-packages/livox_ros_driver2/msg/_custom_msg.py
[10.796s] -- Symlinking: /home/hibikip/nav_tutorial_ws/src/livox_ros_driver2/install/livox_ros_driver2/local/lib/python3.10/dist-packages/livox_ros_driver2/msg/_custom_msg_s.c
[10.805s] -- Symlinking: /home/hibikip/nav_tutorial_ws/src/livox_ros_driver2/install/livox_ros_driver2/local/lib/python3.10/dist-packages/livox_ros_driver2/msg/_custom_point.py
[10.815s] -- Symlinking: /home/hibikip/nav_tutorial_ws/src/livox_ros_driver2/install/livox_ros_driver2/local/lib/python3.10/dist-packages/livox_ros_driver2/msg/_custom_point_s.c
[10.824s] -- Up-to-date symlink: /home/hibikip/nav_tutorial_ws/src/livox_ros_driver2/install/livox_ros_driver2/local/lib/python3.10/dist-packages/livox_ros_driver2/livox_ros_driver2_s__rosidl_typesupport_fastrtps_c.cpython-310-x86_64-linux-gnu.so
[10.824s] -- Up-to-date symlink: /home/hibikip/nav_tutorial_ws/src/livox_ros_driver2/install/livox_ros_driver2/local/lib/python3.10/dist-packages/livox_ros_driver2/livox_ros_driver2_s__rosidl_typesupport_introspection_c.cpython-310-x86_64-linux-gnu.so
[10.825s] -- Up-to-date symlink: /home/hibikip/nav_tutorial_ws/src/livox_ros_driver2/install/livox_ros_driver2/local/lib/python3.10/dist-packages/livox_ros_driver2/livox_ros_driver2_s__rosidl_typesupport_c.cpython-310-x86_64-linux-gnu.so
[10.825s] -- Symlinking: /home/hibikip/nav_tutorial_ws/src/livox_ros_driver2/install/livox_ros_driver2/share/livox_ros_driver2/msg/CustomPoint.idl
[10.835s] -- Symlinking: /home/hibikip/nav_tutorial_ws/src/livox_ros_driver2/install/livox_ros_driver2/share/livox_ros_driver2/msg/CustomMsg.idl
[10.844s] -- Symlinking: /home/hibikip/nav_tutorial_ws/src/livox_ros_driver2/install/livox_ros_driver2/share/livox_ros_driver2/msg/CustomPoint.msg
[10.852s] -- Symlinking: /home/hibikip/nav_tutorial_ws/src/livox_ros_driver2/install/livox_ros_driver2/share/livox_ros_driver2/msg/CustomMsg.msg
[10.863s] -- Symlinking: /home/hibikip/nav_tutorial_ws/src/livox_ros_driver2/install/livox_ros_driver2/lib/livox_ros_driver2/livox_ros_driver2_node
[10.872s] -- Symlinking: /home/hibikip/nav_tutorial_ws/src/livox_ros_driver2/install/livox_ros_driver2/lib/liblivox_ros_driver2.so
[10.882s] -- Symlinking: /home/hibikip/nav_tutorial_ws/src/livox_ros_driver2/install/livox_ros_driver2/share/livox_ros_driver2/config/HAP_config.json
[10.893s] -- Symlinking: /home/hibikip/nav_tutorial_ws/src/livox_ros_driver2/install/livox_ros_driver2/share/livox_ros_driver2/config/MID360_config.json
[10.902s] -- Symlinking: /home/hibikip/nav_tutorial_ws/src/livox_ros_driver2/install/livox_ros_driver2/share/livox_ros_driver2/config/display_point_cloud_ROS1.rviz
[10.911s] -- Symlinking: /home/hibikip/nav_tutorial_ws/src/livox_ros_driver2/install/livox_ros_driver2/share/livox_ros_driver2/config/display_point_cloud_ROS2.rviz
[10.920s] -- Symlinking: /home/hibikip/nav_tutorial_ws/src/livox_ros_driver2/install/livox_ros_driver2/share/livox_ros_driver2/config/mixed_HAP_MID360_config.json
[10.930s] -- Symlinking: /home/hibikip/nav_tutorial_ws/src/livox_ros_driver2/install/livox_ros_driver2/share/livox_ros_driver2/launch_ROS2/msg_HAP_launch.py
[10.939s] -- Symlinking: /home/hibikip/nav_tutorial_ws/src/livox_ros_driver2/install/livox_ros_driver2/share/livox_ros_driver2/launch_ROS2/msg_MID360_launch.py
[10.948s] -- Symlinking: /home/hibikip/nav_tutorial_ws/src/livox_ros_driver2/install/livox_ros_driver2/share/livox_ros_driver2/launch_ROS2/rviz_HAP_launch.py
[10.958s] -- Symlinking: /home/hibikip/nav_tutorial_ws/src/livox_ros_driver2/install/livox_ros_driver2/share/livox_ros_driver2/launch_ROS2/rviz_MID360_launch.py
[10.965s] -- Symlinking: /home/hibikip/nav_tutorial_ws/src/livox_ros_driver2/install/livox_ros_driver2/share/livox_ros_driver2/launch_ROS2/rviz_mixed.py
[10.971s] -- Symlinking: /home/hibikip/nav_tutorial_ws/src/livox_ros_driver2/install/livox_ros_driver2/share/ament_index/resource_index/package_run_dependencies/livox_ros_driver2
[10.977s] -- Symlinking: /home/hibikip/nav_tutorial_ws/src/livox_ros_driver2/install/livox_ros_driver2/share/ament_index/resource_index/parent_prefix_path/livox_ros_driver2
[10.987s] -- Symlinking: /home/hibikip/nav_tutorial_ws/src/livox_ros_driver2/install/livox_ros_driver2/share/livox_ros_driver2/environment/ament_prefix_path.sh
[10.998s] -- Symlinking: /home/hibikip/nav_tutorial_ws/src/livox_ros_driver2/install/livox_ros_driver2/share/livox_ros_driver2/environment/ament_prefix_path.dsv
[11.006s] -- Symlinking: /home/hibikip/nav_tutorial_ws/src/livox_ros_driver2/install/livox_ros_driver2/share/livox_ros_driver2/environment/path.sh
[11.016s] -- Symlinking: /home/hibikip/nav_tutorial_ws/src/livox_ros_driver2/install/livox_ros_driver2/share/livox_ros_driver2/environment/path.dsv
[11.028s] -- Symlinking: /home/hibikip/nav_tutorial_ws/src/livox_ros_driver2/install/livox_ros_driver2/share/livox_ros_driver2/local_setup.bash
[11.037s] -- Symlinking: /home/hibikip/nav_tutorial_ws/src/livox_ros_driver2/install/livox_ros_driver2/share/livox_ros_driver2/local_setup.sh
[11.044s] -- Symlinking: /home/hibikip/nav_tutorial_ws/src/livox_ros_driver2/install/livox_ros_driver2/share/livox_ros_driver2/local_setup.zsh
[11.052s] -- Symlinking: /home/hibikip/nav_tutorial_ws/src/livox_ros_driver2/install/livox_ros_driver2/share/livox_ros_driver2/local_setup.dsv
[11.058s] -- Symlinking: /home/hibikip/nav_tutorial_ws/src/livox_ros_driver2/install/livox_ros_driver2/share/livox_ros_driver2/package.dsv
[11.067s] -- Symlinking: /home/hibikip/nav_tutorial_ws/src/livox_ros_driver2/install/livox_ros_driver2/share/ament_index/resource_index/packages/livox_ros_driver2
[11.075s] -- Symlinking: /home/hibikip/nav_tutorial_ws/src/livox_ros_driver2/install/livox_ros_driver2/share/ament_index/resource_index/rclcpp_components/livox_ros_driver2
[11.085s] -- Symlinking: /home/hibikip/nav_tutorial_ws/src/livox_ros_driver2/install/livox_ros_driver2/share/livox_ros_driver2/cmake/rosidl_cmake-extras.cmake
[11.095s] -- Symlinking: /home/hibikip/nav_tutorial_ws/src/livox_ros_driver2/install/livox_ros_driver2/share/livox_ros_driver2/cmake/ament_cmake_export_dependencies-extras.cmake
[11.104s] -- Symlinking: /home/hibikip/nav_tutorial_ws/src/livox_ros_driver2/install/livox_ros_driver2/share/livox_ros_driver2/cmake/ament_cmake_export_include_directories-extras.cmake
[11.112s] -- Symlinking: /home/hibikip/nav_tutorial_ws/src/livox_ros_driver2/install/livox_ros_driver2/share/livox_ros_driver2/cmake/ament_cmake_export_libraries-extras.cmake
[11.120s] -- Symlinking: /home/hibikip/nav_tutorial_ws/src/livox_ros_driver2/install/livox_ros_driver2/share/livox_ros_driver2/cmake/ament_cmake_export_targets-extras.cmake
[11.130s] -- Symlinking: /home/hibikip/nav_tutorial_ws/src/livox_ros_driver2/install/livox_ros_driver2/share/livox_ros_driver2/cmake/rosidl_cmake_export_typesupport_targets-extras.cmake
[11.140s] -- Symlinking: /home/hibikip/nav_tutorial_ws/src/livox_ros_driver2/install/livox_ros_driver2/share/livox_ros_driver2/cmake/rosidl_cmake_export_typesupport_libraries-extras.cmake
[11.149s] -- Symlinking: /home/hibikip/nav_tutorial_ws/src/livox_ros_driver2/install/livox_ros_driver2/share/livox_ros_driver2/cmake/livox_ros_driver2Config.cmake
[11.158s] -- Symlinking: /home/hibikip/nav_tutorial_ws/src/livox_ros_driver2/install/livox_ros_driver2/share/livox_ros_driver2/cmake/livox_ros_driver2Config-version.cmake
[11.167s] -- Symlinking: /home/hibikip/nav_tutorial_ws/src/livox_ros_driver2/install/livox_ros_driver2/share/livox_ros_driver2/package.xml
[11.173s] -- Installing: /home/hibikip/nav_tutorial_ws/src/livox_ros_driver2/install/livox_ros_driver2/lib/liblivox_ros_driver2__rosidl_generator_c.so
[11.173s] -- Set runtime path of "/home/hibikip/nav_tutorial_ws/src/livox_ros_driver2/install/livox_ros_driver2/lib/liblivox_ros_driver2__rosidl_generator_c.so" to ""
[11.173s] -- Installing: /home/hibikip/nav_tutorial_ws/src/livox_ros_driver2/install/livox_ros_driver2/lib/liblivox_ros_driver2__rosidl_typesupport_fastrtps_c.so
[11.173s] -- Set runtime path of "/home/hibikip/nav_tutorial_ws/src/livox_ros_driver2/install/livox_ros_driver2/lib/liblivox_ros_driver2__rosidl_typesupport_fastrtps_c.so" to ""
[11.174s] -- Installing: /home/hibikip/nav_tutorial_ws/src/livox_ros_driver2/install/livox_ros_driver2/lib/liblivox_ros_driver2__rosidl_typesupport_introspection_c.so
[11.174s] -- Set runtime path of "/home/hibikip/nav_tutorial_ws/src/livox_ros_driver2/install/livox_ros_driver2/lib/liblivox_ros_driver2__rosidl_typesupport_introspection_c.so" to ""
[11.174s] -- Installing: /home/hibikip/nav_tutorial_ws/src/livox_ros_driver2/install/livox_ros_driver2/lib/liblivox_ros_driver2__rosidl_typesupport_c.so
[11.174s] -- Set runtime path of "/home/hibikip/nav_tutorial_ws/src/livox_ros_driver2/install/livox_ros_driver2/lib/liblivox_ros_driver2__rosidl_typesupport_c.so" to ""
[11.174s] -- Installing: /home/hibikip/nav_tutorial_ws/src/livox_ros_driver2/install/livox_ros_driver2/lib/liblivox_ros_driver2__rosidl_typesupport_fastrtps_cpp.so
[11.174s] -- Set runtime path of "/home/hibikip/nav_tutorial_ws/src/livox_ros_driver2/install/livox_ros_driver2/lib/liblivox_ros_driver2__rosidl_typesupport_fastrtps_cpp.so" to ""
[11.174s] -- Installing: /home/hibikip/nav_tutorial_ws/src/livox_ros_driver2/install/livox_ros_driver2/lib/liblivox_ros_driver2__rosidl_typesupport_introspection_cpp.so
[11.174s] -- Set runtime path of "/home/hibikip/nav_tutorial_ws/src/livox_ros_driver2/install/livox_ros_driver2/lib/liblivox_ros_driver2__rosidl_typesupport_introspection_cpp.so" to ""
[11.174s] -- Installing: /home/hibikip/nav_tutorial_ws/src/livox_ros_driver2/install/livox_ros_driver2/lib/liblivox_ros_driver2__rosidl_typesupport_cpp.so
[11.174s] -- Set runtime path of "/home/hibikip/nav_tutorial_ws/src/livox_ros_driver2/install/livox_ros_driver2/lib/liblivox_ros_driver2__rosidl_typesupport_cpp.so" to ""
[11.202s] Listing '/home/hibikip/nav_tutorial_ws/src/livox_ros_driver2/install/livox_ros_driver2/local/lib/python3.10/dist-packages/livox_ros_driver2'...
[11.202s] Compiling '/home/hibikip/nav_tutorial_ws/src/livox_ros_driver2/install/livox_ros_driver2/local/lib/python3.10/dist-packages/livox_ros_driver2/__init__.py'...
[11.202s] Listing '/home/hibikip/nav_tutorial_ws/src/livox_ros_driver2/install/livox_ros_driver2/local/lib/python3.10/dist-packages/livox_ros_driver2/msg'...
[11.203s] Compiling '/home/hibikip/nav_tutorial_ws/src/livox_ros_driver2/install/livox_ros_driver2/local/lib/python3.10/dist-packages/livox_ros_driver2/msg/__init__.py'...
[11.203s] Compiling '/home/hibikip/nav_tutorial_ws/src/livox_ros_driver2/install/livox_ros_driver2/local/lib/python3.10/dist-packages/livox_ros_driver2/msg/_custom_msg.py'...
[11.203s] Compiling '/home/hibikip/nav_tutorial_ws/src/livox_ros_driver2/install/livox_ros_driver2/local/lib/python3.10/dist-packages/livox_ros_driver2/msg/_custom_point.py'...
[11.206s] -- Installing: /home/hibikip/nav_tutorial_ws/src/livox_ros_driver2/install/livox_ros_driver2/lib/liblivox_interfaces2__rosidl_generator_py.so
[11.206s] -- Set runtime path of "/home/hibikip/nav_tutorial_ws/src/livox_ros_driver2/install/livox_ros_driver2/lib/liblivox_interfaces2__rosidl_generator_py.so" to ""
[11.206s] -- Installing: /home/hibikip/nav_tutorial_ws/src/livox_ros_driver2/install/livox_ros_driver2/share/livox_ros_driver2/cmake/export_livox_interfaces2__rosidl_generator_cExport.cmake
[11.206s] -- Installing: /home/hibikip/nav_tutorial_ws/src/livox_ros_driver2/install/livox_ros_driver2/share/livox_ros_driver2/cmake/export_livox_interfaces2__rosidl_generator_cExport-noconfig.cmake
[11.206s] -- Installing: /home/hibikip/nav_tutorial_ws/src/livox_ros_driver2/install/livox_ros_driver2/share/livox_ros_driver2/cmake/export_livox_interfaces2__rosidl_typesupport_fastrtps_cExport.cmake
[11.206s] -- Installing: /home/hibikip/nav_tutorial_ws/src/livox_ros_driver2/install/livox_ros_driver2/share/livox_ros_driver2/cmake/export_livox_interfaces2__rosidl_typesupport_fastrtps_cExport-noconfig.cmake
[11.206s] -- Installing: /home/hibikip/nav_tutorial_ws/src/livox_ros_driver2/install/livox_ros_driver2/share/livox_ros_driver2/cmake/livox_interfaces2__rosidl_typesupport_introspection_cExport.cmake
[11.206s] -- Installing: /home/hibikip/nav_tutorial_ws/src/livox_ros_driver2/install/livox_ros_driver2/share/livox_ros_driver2/cmake/livox_interfaces2__rosidl_typesupport_introspection_cExport-noconfig.cmake
[11.206s] -- Installing: /home/hibikip/nav_tutorial_ws/src/livox_ros_driver2/install/livox_ros_driver2/share/livox_ros_driver2/cmake/livox_interfaces2__rosidl_typesupport_cExport.cmake
[11.206s] -- Installing: /home/hibikip/nav_tutorial_ws/src/livox_ros_driver2/install/livox_ros_driver2/share/livox_ros_driver2/cmake/livox_interfaces2__rosidl_typesupport_cExport-noconfig.cmake
[11.206s] -- Installing: /home/hibikip/nav_tutorial_ws/src/livox_ros_driver2/install/livox_ros_driver2/share/livox_ros_driver2/cmake/export_livox_interfaces2__rosidl_generator_cppExport.cmake
[11.206s] -- Installing: /home/hibikip/nav_tutorial_ws/src/livox_ros_driver2/install/livox_ros_driver2/share/livox_ros_driver2/cmake/export_livox_interfaces2__rosidl_typesupport_fastrtps_cppExport.cmake
[11.206s] -- Installing: /home/hibikip/nav_tutorial_ws/src/livox_ros_driver2/install/livox_ros_driver2/share/livox_ros_driver2/cmake/export_livox_interfaces2__rosidl_typesupport_fastrtps_cppExport-noconfig.cmake
[11.206s] -- Installing: /home/hibikip/nav_tutorial_ws/src/livox_ros_driver2/install/livox_ros_driver2/share/livox_ros_driver2/cmake/livox_interfaces2__rosidl_typesupport_introspection_cppExport.cmake
[11.206s] -- Installing: /home/hibikip/nav_tutorial_ws/src/livox_ros_driver2/install/livox_ros_driver2/share/livox_ros_driver2/cmake/livox_interfaces2__rosidl_typesupport_introspection_cppExport-noconfig.cmake
[11.206s] -- Installing: /home/hibikip/nav_tutorial_ws/src/livox_ros_driver2/install/livox_ros_driver2/share/livox_ros_driver2/cmake/livox_interfaces2__rosidl_typesupport_cppExport.cmake
[11.206s] -- Installing: /home/hibikip/nav_tutorial_ws/src/livox_ros_driver2/install/livox_ros_driver2/share/livox_ros_driver2/cmake/livox_interfaces2__rosidl_typesupport_cppExport-noconfig.cmake
[11.206s] -- Installing: /home/hibikip/nav_tutorial_ws/src/livox_ros_driver2/install/livox_ros_driver2/share/livox_ros_driver2/cmake/export_livox_interfaces2__rosidl_generator_pyExport.cmake
[11.206s] -- Installing: /home/hibikip/nav_tutorial_ws/src/livox_ros_driver2/install/livox_ros_driver2/share/livox_ros_driver2/cmake/export_livox_interfaces2__rosidl_generator_pyExport-noconfig.cmake
[11.208s] Invoked command in '/home/hibikip/nav_tutorial_ws/src/livox_ros_driver2/build/livox_ros_driver2' returned '0': CMAKE_PREFIX_PATH=/opt/ros/humble /usr/bin/cmake --install /home/hibikip/nav_tutorial_ws/src/livox_ros_driver2/build/livox_ros_driver2
