[0.100s] DEBUG:colcon:Command line arguments: ['/usr/bin/colcon', 'build', '--symlink-install', '--cmake-args', '-DCMAKE_INSTALL_PREFIX=/home/hibikip/nav_tutorial_ws/src/livox_ros_driver2/install']
[0.100s] DEBUG:colcon:Parsed command line arguments: Namespace(log_base=None, log_level=None, verb_name='build', build_base='build', install_base='install', merge_install=False, symlink_install=True, test_result_base=None, continue_on_error=False, executor='parallel', parallel_workers=28, event_handlers=None, ignore_user_meta=False, metas=['./colcon.meta'], base_paths=['.'], packages_ignore=None, packages_ignore_regex=None, paths=None, packages_up_to=None, packages_up_to_regex=None, packages_above=None, packages_above_and_dependencies=None, packages_above_depth=None, packages_select_by_dep=None, packages_skip_by_dep=None, packages_skip_up_to=None, packages_select_build_failed=False, packages_skip_build_finished=False, packages_select_test_failures=False, packages_skip_test_passed=False, packages_select=None, packages_skip=None, packages_select_regex=None, packages_skip_regex=None, packages_start=None, packages_end=None, allow_overriding=[], cmake_args=['-DCMAKE_INSTALL_PREFIX=/home/hibikip/nav_tutorial_ws/src/livox_ros_driver2/install'], cmake_target=None, cmake_target_skip_unavailable=False, cmake_clean_cache=False, cmake_clean_first=False, cmake_force_configure=False, ament_cmake_args=None, catkin_cmake_args=None, catkin_skip_building_tests=False, mixin_files=None, mixin=None, verb_parser=<colcon_mixin.mixin.mixin_argument.MixinArgumentDecorator object at 0x7668a776afb0>, verb_extension=<colcon_core.verb.build.BuildVerb object at 0x7668a78ac910>, main=<bound method BuildVerb.main of <colcon_core.verb.build.BuildVerb object at 0x7668a78ac910>>, mixin_verb=('build',))
[0.209s] Level 1:colcon.colcon_core.package_discovery:discover_packages(colcon_meta) check parameters
[0.209s] Level 1:colcon.colcon_core.package_discovery:discover_packages(recursive) check parameters
[0.209s] Level 1:colcon.colcon_core.package_discovery:discover_packages(ignore) check parameters
[0.209s] Level 1:colcon.colcon_core.package_discovery:discover_packages(path) check parameters
[0.209s] Level 1:colcon.colcon_core.package_discovery:discover_packages(colcon_meta) discover
[0.209s] Level 1:colcon.colcon_core.package_discovery:discover_packages(recursive) discover
[0.209s] INFO:colcon.colcon_core.package_discovery:Crawling recursively for packages in '/home/hibikip/nav_tutorial_ws/src/livox_ros_driver2'
[0.209s] Level 1:colcon.colcon_core.package_identification:_identify(.) by extensions ['ignore', 'ignore_ament_install']
[0.209s] Level 1:colcon.colcon_core.package_identification:_identify(.) by extension 'ignore'
[0.209s] Level 1:colcon.colcon_core.package_identification:_identify(.) by extension 'ignore_ament_install'
[0.209s] Level 1:colcon.colcon_core.package_identification:_identify(.) by extensions ['colcon_pkg']
[0.209s] Level 1:colcon.colcon_core.package_identification:_identify(.) by extension 'colcon_pkg'
[0.209s] Level 1:colcon.colcon_core.package_identification:_identify(.) by extensions ['colcon_meta']
[0.209s] Level 1:colcon.colcon_core.package_identification:_identify(.) by extension 'colcon_meta'
[0.209s] Level 1:colcon.colcon_core.package_identification:_identify(.) by extensions ['ros']
[0.209s] Level 1:colcon.colcon_core.package_identification:_identify(.) by extension 'ros'
[0.228s] DEBUG:colcon.colcon_core.package_identification:Package '.' with type 'ros.ament_cmake' and name 'livox_ros_driver2'
[0.228s] Level 1:colcon.colcon_core.package_discovery:discover_packages(recursive) using defaults
[0.228s] Level 1:colcon.colcon_core.package_discovery:discover_packages(ignore) discover
[0.228s] Level 1:colcon.colcon_core.package_discovery:discover_packages(ignore) using defaults
[0.228s] Level 1:colcon.colcon_core.package_discovery:discover_packages(path) discover
[0.228s] Level 1:colcon.colcon_core.package_discovery:discover_packages(path) using defaults
[0.242s] Level 1:colcon.colcon_core.package_discovery:discover_packages(prefix_path) check parameters
[0.242s] Level 1:colcon.colcon_core.package_discovery:discover_packages(prefix_path) discover
[0.244s] DEBUG:colcon.colcon_installed_package_information.package_discovery:Found 382 installed packages in /opt/ros/humble
[0.245s] Level 1:colcon.colcon_core.package_discovery:discover_packages(prefix_path) using defaults
[0.273s] Level 5:colcon.colcon_core.verb:set package 'livox_ros_driver2' build argument 'cmake_args' from command line to '['-DCMAKE_INSTALL_PREFIX=/home/hibikip/nav_tutorial_ws/src/livox_ros_driver2/install']'
[0.273s] Level 5:colcon.colcon_core.verb:set package 'livox_ros_driver2' build argument 'cmake_target' from command line to 'None'
[0.273s] Level 5:colcon.colcon_core.verb:set package 'livox_ros_driver2' build argument 'cmake_target_skip_unavailable' from command line to 'False'
[0.273s] Level 5:colcon.colcon_core.verb:set package 'livox_ros_driver2' build argument 'cmake_clean_cache' from command line to 'False'
[0.273s] Level 5:colcon.colcon_core.verb:set package 'livox_ros_driver2' build argument 'cmake_clean_first' from command line to 'False'
[0.273s] Level 5:colcon.colcon_core.verb:set package 'livox_ros_driver2' build argument 'cmake_force_configure' from command line to 'False'
[0.273s] Level 5:colcon.colcon_core.verb:set package 'livox_ros_driver2' build argument 'ament_cmake_args' from command line to 'None'
[0.273s] Level 5:colcon.colcon_core.verb:set package 'livox_ros_driver2' build argument 'catkin_cmake_args' from command line to 'None'
[0.273s] Level 5:colcon.colcon_core.verb:set package 'livox_ros_driver2' build argument 'catkin_skip_building_tests' from command line to 'False'
[0.273s] DEBUG:colcon.colcon_core.verb:Building package 'livox_ros_driver2' with the following arguments: {'ament_cmake_args': None, 'build_base': '/home/hibikip/nav_tutorial_ws/src/livox_ros_driver2/build/livox_ros_driver2', 'catkin_cmake_args': None, 'catkin_skip_building_tests': False, 'cmake_args': ['-DCMAKE_INSTALL_PREFIX=/home/hibikip/nav_tutorial_ws/src/livox_ros_driver2/install'], 'cmake_clean_cache': False, 'cmake_clean_first': False, 'cmake_force_configure': False, 'cmake_target': None, 'cmake_target_skip_unavailable': False, 'install_base': '/home/hibikip/nav_tutorial_ws/src/livox_ros_driver2/install/livox_ros_driver2', 'merge_install': False, 'path': '/home/hibikip/nav_tutorial_ws/src/livox_ros_driver2', 'symlink_install': True, 'test_result_base': None}
[0.273s] INFO:colcon.colcon_core.executor:Executing jobs using 'parallel' executor
[0.274s] DEBUG:colcon.colcon_parallel_executor.executor.parallel:run_until_complete
[0.274s] INFO:colcon.colcon_ros.task.ament_cmake.build:Building ROS package in '/home/hibikip/nav_tutorial_ws/src/livox_ros_driver2' with build type 'ament_cmake'
[0.274s] INFO:colcon.colcon_cmake.task.cmake.build:Building CMake package in '/home/hibikip/nav_tutorial_ws/src/livox_ros_driver2'
[0.276s] INFO:colcon.colcon_core.plugin_system:Skipping extension 'colcon_core.shell.bat': Not used on non-Windows systems
[0.276s] INFO:colcon.colcon_core.shell:Skip shell extension 'powershell' for command environment: Not usable outside of PowerShell
[0.276s] DEBUG:colcon.colcon_core.shell:Skip shell extension 'dsv' for command environment
[0.281s] DEBUG:colcon.colcon_core.event_handler.log_command:Invoking command in '/home/hibikip/nav_tutorial_ws/src/livox_ros_driver2/build/livox_ros_driver2': CMAKE_PREFIX_PATH=/opt/ros/humble /usr/bin/cmake /home/hibikip/nav_tutorial_ws/src/livox_ros_driver2 -DCMAKE_INSTALL_PREFIX=/home/hibikip/nav_tutorial_ws/src/livox_ros_driver2/install -DAMENT_CMAKE_SYMLINK_INSTALL=1 -DCMAKE_INSTALL_PREFIX=/home/hibikip/nav_tutorial_ws/src/livox_ros_driver2/install/livox_ros_driver2
[3.990s] DEBUG:colcon.colcon_core.event_handler.log_command:Invoked command in '/home/hibikip/nav_tutorial_ws/src/livox_ros_driver2/build/livox_ros_driver2' returned '0': CMAKE_PREFIX_PATH=/opt/ros/humble /usr/bin/cmake /home/hibikip/nav_tutorial_ws/src/livox_ros_driver2 -DCMAKE_INSTALL_PREFIX=/home/hibikip/nav_tutorial_ws/src/livox_ros_driver2/install -DAMENT_CMAKE_SYMLINK_INSTALL=1 -DCMAKE_INSTALL_PREFIX=/home/hibikip/nav_tutorial_ws/src/livox_ros_driver2/install/livox_ros_driver2
[3.992s] DEBUG:colcon.colcon_core.event_handler.log_command:Invoking command in '/home/hibikip/nav_tutorial_ws/src/livox_ros_driver2/build/livox_ros_driver2': CMAKE_PREFIX_PATH=/opt/ros/humble /usr/bin/cmake --build /home/hibikip/nav_tutorial_ws/src/livox_ros_driver2/build/livox_ros_driver2 -- -j28 -l28
[10.604s] DEBUG:colcon.colcon_core.event_handler.log_command:Invoked command in '/home/hibikip/nav_tutorial_ws/src/livox_ros_driver2/build/livox_ros_driver2' returned '0': CMAKE_PREFIX_PATH=/opt/ros/humble /usr/bin/cmake --build /home/hibikip/nav_tutorial_ws/src/livox_ros_driver2/build/livox_ros_driver2 -- -j28 -l28
[10.614s] DEBUG:colcon.colcon_core.event_handler.log_command:Invoking command in '/home/hibikip/nav_tutorial_ws/src/livox_ros_driver2/build/livox_ros_driver2': CMAKE_PREFIX_PATH=/opt/ros/humble /usr/bin/cmake --install /home/hibikip/nav_tutorial_ws/src/livox_ros_driver2/build/livox_ros_driver2
[11.482s] Level 1:colcon.colcon_core.environment:create_environment_scripts_only(livox_ros_driver2)
[11.483s] DEBUG:colcon.colcon_core.event_handler.log_command:Invoked command in '/home/hibikip/nav_tutorial_ws/src/livox_ros_driver2/build/livox_ros_driver2' returned '0': CMAKE_PREFIX_PATH=/opt/ros/humble /usr/bin/cmake --install /home/hibikip/nav_tutorial_ws/src/livox_ros_driver2/build/livox_ros_driver2
[11.485s] Level 1:colcon.colcon_core.environment:checking '/home/hibikip/nav_tutorial_ws/src/livox_ros_driver2/install/livox_ros_driver2' for CMake module files
[11.486s] Level 1:colcon.colcon_core.environment:checking '/home/hibikip/nav_tutorial_ws/src/livox_ros_driver2/install/livox_ros_driver2' for CMake config files
[11.487s] Level 1:colcon.colcon_core.shell:create_environment_hook('livox_ros_driver2', 'cmake_prefix_path')
[11.487s] INFO:colcon.colcon_core.shell:Creating environment hook '/home/hibikip/nav_tutorial_ws/src/livox_ros_driver2/install/livox_ros_driver2/share/livox_ros_driver2/hook/cmake_prefix_path.ps1'
[11.487s] INFO:colcon.colcon_core.shell:Creating environment descriptor '/home/hibikip/nav_tutorial_ws/src/livox_ros_driver2/install/livox_ros_driver2/share/livox_ros_driver2/hook/cmake_prefix_path.dsv'
[11.488s] INFO:colcon.colcon_core.shell:Creating environment hook '/home/hibikip/nav_tutorial_ws/src/livox_ros_driver2/install/livox_ros_driver2/share/livox_ros_driver2/hook/cmake_prefix_path.sh'
[11.488s] Level 1:colcon.colcon_core.environment:checking '/home/hibikip/nav_tutorial_ws/src/livox_ros_driver2/install/livox_ros_driver2/lib'
[11.488s] Level 1:colcon.colcon_core.shell:create_environment_hook('livox_ros_driver2', 'ld_library_path_lib')
[11.488s] INFO:colcon.colcon_core.shell:Creating environment hook '/home/hibikip/nav_tutorial_ws/src/livox_ros_driver2/install/livox_ros_driver2/share/livox_ros_driver2/hook/ld_library_path_lib.ps1'
[11.489s] INFO:colcon.colcon_core.shell:Creating environment descriptor '/home/hibikip/nav_tutorial_ws/src/livox_ros_driver2/install/livox_ros_driver2/share/livox_ros_driver2/hook/ld_library_path_lib.dsv'
[11.489s] INFO:colcon.colcon_core.shell:Creating environment hook '/home/hibikip/nav_tutorial_ws/src/livox_ros_driver2/install/livox_ros_driver2/share/livox_ros_driver2/hook/ld_library_path_lib.sh'
[11.489s] Level 1:colcon.colcon_core.environment:checking '/home/hibikip/nav_tutorial_ws/src/livox_ros_driver2/install/livox_ros_driver2/bin'
[11.489s] Level 1:colcon.colcon_core.environment:checking '/home/hibikip/nav_tutorial_ws/src/livox_ros_driver2/install/livox_ros_driver2/lib/pkgconfig/livox_ros_driver2.pc'
[11.489s] Level 1:colcon.colcon_core.environment:checking '/home/hibikip/nav_tutorial_ws/src/livox_ros_driver2/install/livox_ros_driver2/lib/python3.10/site-packages'
[11.489s] Level 1:colcon.colcon_core.environment:checking '/home/hibikip/nav_tutorial_ws/src/livox_ros_driver2/install/livox_ros_driver2/bin'
[11.489s] INFO:colcon.colcon_core.shell:Creating package script '/home/hibikip/nav_tutorial_ws/src/livox_ros_driver2/install/livox_ros_driver2/share/livox_ros_driver2/package.ps1'
[11.490s] INFO:colcon.colcon_core.shell:Creating package descriptor '/home/hibikip/nav_tutorial_ws/src/livox_ros_driver2/install/livox_ros_driver2/share/livox_ros_driver2/package.dsv'
[11.490s] INFO:colcon.colcon_core.shell:Creating package script '/home/hibikip/nav_tutorial_ws/src/livox_ros_driver2/install/livox_ros_driver2/share/livox_ros_driver2/package.sh'
[11.491s] INFO:colcon.colcon_core.shell:Creating package script '/home/hibikip/nav_tutorial_ws/src/livox_ros_driver2/install/livox_ros_driver2/share/livox_ros_driver2/package.bash'
[11.491s] INFO:colcon.colcon_core.shell:Creating package script '/home/hibikip/nav_tutorial_ws/src/livox_ros_driver2/install/livox_ros_driver2/share/livox_ros_driver2/package.zsh'
[11.491s] Level 1:colcon.colcon_core.environment:create_file_with_runtime_dependencies(/home/hibikip/nav_tutorial_ws/src/livox_ros_driver2/install/livox_ros_driver2/share/colcon-core/packages/livox_ros_driver2)
[11.492s] Level 1:colcon.colcon_core.environment:create_environment_scripts_only(livox_ros_driver2)
[11.492s] Level 1:colcon.colcon_core.environment:checking '/home/hibikip/nav_tutorial_ws/src/livox_ros_driver2/install/livox_ros_driver2' for CMake module files
[11.492s] Level 1:colcon.colcon_core.environment:checking '/home/hibikip/nav_tutorial_ws/src/livox_ros_driver2/install/livox_ros_driver2' for CMake config files
[11.493s] Level 1:colcon.colcon_core.shell:create_environment_hook('livox_ros_driver2', 'cmake_prefix_path')
[11.493s] INFO:colcon.colcon_core.shell:Creating environment hook '/home/hibikip/nav_tutorial_ws/src/livox_ros_driver2/install/livox_ros_driver2/share/livox_ros_driver2/hook/cmake_prefix_path.ps1'
[11.493s] INFO:colcon.colcon_core.shell:Creating environment descriptor '/home/hibikip/nav_tutorial_ws/src/livox_ros_driver2/install/livox_ros_driver2/share/livox_ros_driver2/hook/cmake_prefix_path.dsv'
[11.493s] INFO:colcon.colcon_core.shell:Creating environment hook '/home/hibikip/nav_tutorial_ws/src/livox_ros_driver2/install/livox_ros_driver2/share/livox_ros_driver2/hook/cmake_prefix_path.sh'
[11.494s] Level 1:colcon.colcon_core.environment:checking '/home/hibikip/nav_tutorial_ws/src/livox_ros_driver2/install/livox_ros_driver2/lib'
[11.494s] Level 1:colcon.colcon_core.shell:create_environment_hook('livox_ros_driver2', 'ld_library_path_lib')
[11.494s] INFO:colcon.colcon_core.shell:Creating environment hook '/home/hibikip/nav_tutorial_ws/src/livox_ros_driver2/install/livox_ros_driver2/share/livox_ros_driver2/hook/ld_library_path_lib.ps1'
[11.494s] INFO:colcon.colcon_core.shell:Creating environment descriptor '/home/hibikip/nav_tutorial_ws/src/livox_ros_driver2/install/livox_ros_driver2/share/livox_ros_driver2/hook/ld_library_path_lib.dsv'
[11.494s] INFO:colcon.colcon_core.shell:Creating environment hook '/home/hibikip/nav_tutorial_ws/src/livox_ros_driver2/install/livox_ros_driver2/share/livox_ros_driver2/hook/ld_library_path_lib.sh'
[11.494s] Level 1:colcon.colcon_core.environment:checking '/home/hibikip/nav_tutorial_ws/src/livox_ros_driver2/install/livox_ros_driver2/bin'
[11.494s] Level 1:colcon.colcon_core.environment:checking '/home/hibikip/nav_tutorial_ws/src/livox_ros_driver2/install/livox_ros_driver2/lib/pkgconfig/livox_ros_driver2.pc'
[11.495s] Level 1:colcon.colcon_core.environment:checking '/home/hibikip/nav_tutorial_ws/src/livox_ros_driver2/install/livox_ros_driver2/lib/python3.10/site-packages'
[11.495s] Level 1:colcon.colcon_core.environment:checking '/home/hibikip/nav_tutorial_ws/src/livox_ros_driver2/install/livox_ros_driver2/bin'
[11.495s] INFO:colcon.colcon_core.shell:Creating package script '/home/hibikip/nav_tutorial_ws/src/livox_ros_driver2/install/livox_ros_driver2/share/livox_ros_driver2/package.ps1'
[11.495s] INFO:colcon.colcon_core.shell:Creating package descriptor '/home/hibikip/nav_tutorial_ws/src/livox_ros_driver2/install/livox_ros_driver2/share/livox_ros_driver2/package.dsv'
[11.496s] INFO:colcon.colcon_core.shell:Creating package script '/home/hibikip/nav_tutorial_ws/src/livox_ros_driver2/install/livox_ros_driver2/share/livox_ros_driver2/package.sh'
[11.496s] INFO:colcon.colcon_core.shell:Creating package script '/home/hibikip/nav_tutorial_ws/src/livox_ros_driver2/install/livox_ros_driver2/share/livox_ros_driver2/package.bash'
[11.496s] INFO:colcon.colcon_core.shell:Creating package script '/home/hibikip/nav_tutorial_ws/src/livox_ros_driver2/install/livox_ros_driver2/share/livox_ros_driver2/package.zsh'
[11.496s] Level 1:colcon.colcon_core.environment:create_file_with_runtime_dependencies(/home/hibikip/nav_tutorial_ws/src/livox_ros_driver2/install/livox_ros_driver2/share/colcon-core/packages/livox_ros_driver2)
[11.496s] DEBUG:colcon.colcon_parallel_executor.executor.parallel:closing loop
[11.497s] DEBUG:colcon.colcon_parallel_executor.executor.parallel:loop closed
[11.497s] DEBUG:colcon.colcon_parallel_executor.executor.parallel:run_until_complete finished with '0'
[11.497s] DEBUG:colcon.colcon_core.event_reactor:joining thread
[11.500s] INFO:colcon.colcon_core.plugin_system:Skipping extension 'colcon_notification.desktop_notification.terminal_notifier': Not used on non-Darwin systems
[11.500s] INFO:colcon.colcon_core.plugin_system:Skipping extension 'colcon_notification.desktop_notification.win32': Not used on non-Windows systems
[11.500s] INFO:colcon.colcon_notification.desktop_notification:Sending desktop notification using 'notify2'
[11.511s] DEBUG:colcon.colcon_core.event_reactor:joined thread
[11.512s] INFO:colcon.colcon_core.shell:Creating prefix script '/home/hibikip/nav_tutorial_ws/src/livox_ros_driver2/install/local_setup.ps1'
[11.513s] INFO:colcon.colcon_core.shell:Creating prefix util module '/home/hibikip/nav_tutorial_ws/src/livox_ros_driver2/install/_local_setup_util_ps1.py'
[11.515s] INFO:colcon.colcon_core.shell:Creating prefix chain script '/home/hibikip/nav_tutorial_ws/src/livox_ros_driver2/install/setup.ps1'
[11.516s] INFO:colcon.colcon_core.shell:Creating prefix script '/home/hibikip/nav_tutorial_ws/src/livox_ros_driver2/install/local_setup.sh'
[11.516s] INFO:colcon.colcon_core.shell:Creating prefix util module '/home/hibikip/nav_tutorial_ws/src/livox_ros_driver2/install/_local_setup_util_sh.py'
[11.517s] INFO:colcon.colcon_core.shell:Creating prefix chain script '/home/hibikip/nav_tutorial_ws/src/livox_ros_driver2/install/setup.sh'
[11.518s] INFO:colcon.colcon_core.shell:Creating prefix script '/home/hibikip/nav_tutorial_ws/src/livox_ros_driver2/install/local_setup.bash'
[11.518s] INFO:colcon.colcon_core.shell:Creating prefix chain script '/home/hibikip/nav_tutorial_ws/src/livox_ros_driver2/install/setup.bash'
[11.518s] INFO:colcon.colcon_core.shell:Creating prefix script '/home/hibikip/nav_tutorial_ws/src/livox_ros_driver2/install/local_setup.zsh'
[11.519s] INFO:colcon.colcon_core.shell:Creating prefix chain script '/home/hibikip/nav_tutorial_ws/src/livox_ros_driver2/install/setup.zsh'
